<?xml version="1.0" encoding="UTF-8"?>
<!-- Generated by org.testng.reporters.JUnitXMLReporter -->
<testsuite ignored="0" hostname="DESKTOP-S0MOD7F" failures="0" tests="4" name="Test" time="39.84" errors="0" timestamp="2024-06-12T16:51:55 IST">
  <testcase classname="com.tests.LoginTest1" name="verifyLoginTest" time="0.1"/>
  <testcase classname="com.tests.LoginTest1" name="verifyAlertMessageTest" time="0.197"/>
  <testcase classname="com.tests.HomeTest1" name="SwagLabsLogoTest" time="1.794"/>
  <testcase classname="com.tests.HomeTest1" name="SwagLabsProductTitleTest" time="1.73"/>
</testsuite> <!-- Test -->
