<?xml version="1.0" encoding="UTF-8"?>
<!-- Generated by org.testng.reporters.JUnitXMLReporter -->
<testsuite ignored="0" hostname="DESKTOP-S0MOD7F" failures="0" tests="4" name="Test" time="31.908" errors="0" timestamp="2024-05-07T23:35:26 IST">
  <testcase classname="com.tests.LoginTest1" name="verifyLoginTest" time="0.183"/>
  <testcase classname="com.tests.LoginTest1" name="verifyAlertMessageTest" time="0.175"/>
  <testcase classname="com.tests.HomeTest1" name="SwagLabsLogoTest" time="1.013"/>
  <testcase classname="com.tests.HomeTest1" name="SwagLabsProductTitleTest" time="1.454"/>
</testsuite> <!-- Test -->
