<?xml version="1.0" encoding="UTF-8"?>
<testng-results ignored="0" total="4" passed="4" failed="0" skipped="0">
  <reporter-output>
  </reporter-output>
  <suite started-at="2024-05-07T23:34:54 IST" name="Suite" finished-at="2024-05-07T23:35:26 IST" duration-ms="31908">
    <groups>
    </groups>
    <test started-at="2024-05-07T23:34:54 IST" name="Test" finished-at="2024-05-07T23:35:26 IST" duration-ms="31908">
      <class name="com.tests.HomeTest1">
        <test-method is-config="true" signature="setup()[pri:0, instance:com.tests.HomeTest1@42e99e4a]" started-at="2024-05-07T23:35:13 IST" name="setup" finished-at="2024-05-07T23:35:18 IST" duration-ms="5009" status="PASS">
          <reporter-output>
          </reporter-output>
        </test-method> <!-- setup -->
        <test-method signature="SwagLabsLogoTest()[pri:0, instance:com.tests.HomeTest1@42e99e4a]" started-at="2024-05-07T23:35:18 IST" name="SwagLabsLogoTest" finished-at="2024-05-07T23:35:19 IST" duration-ms="1013" status="PASS">
          <reporter-output>
          </reporter-output>
        </test-method> <!-- SwagLabsLogoTest -->
        <test-method is-config="true" signature="teardown()[pri:0, instance:com.tests.HomeTest1@42e99e4a]" started-at="2024-05-07T23:35:19 IST" name="teardown" finished-at="2024-05-07T23:35:19 IST" duration-ms="41" status="PASS">
          <reporter-output>
          </reporter-output>
        </test-method> <!-- teardown -->
        <test-method is-config="true" signature="setup()[pri:0, instance:com.tests.HomeTest1@42e99e4a]" started-at="2024-05-07T23:35:19 IST" name="setup" finished-at="2024-05-07T23:35:25 IST" duration-ms="5689" status="PASS">
          <reporter-output>
          </reporter-output>
        </test-method> <!-- setup -->
        <test-method signature="SwagLabsProductTitleTest()[pri:1, instance:com.tests.HomeTest1@42e99e4a]" started-at="2024-05-07T23:35:25 IST" name="SwagLabsProductTitleTest" finished-at="2024-05-07T23:35:26 IST" duration-ms="1454" status="PASS">
          <reporter-output>
          </reporter-output>
        </test-method> <!-- SwagLabsProductTitleTest -->
        <test-method is-config="true" signature="teardown()[pri:0, instance:com.tests.HomeTest1@42e99e4a]" started-at="2024-05-07T23:35:26 IST" name="teardown" finished-at="2024-05-07T23:35:26 IST" duration-ms="156" status="PASS">
          <reporter-output>
          </reporter-output>
        </test-method> <!-- teardown -->
      </class> <!-- com.tests.HomeTest1 -->
      <class name="com.tests.LoginTest1">
        <test-method is-config="true" signature="setup()[pri:0, instance:com.tests.LoginTest1@4d9e68d0]" started-at="2024-05-07T23:34:54 IST" name="setup" finished-at="2024-05-07T23:35:07 IST" duration-ms="13102" status="PASS">
          <reporter-output>
          </reporter-output>
        </test-method> <!-- setup -->
        <test-method signature="verifyLoginTest()[pri:0, instance:com.tests.LoginTest1@4d9e68d0]" started-at="2024-05-07T23:35:07 IST" name="verifyLoginTest" finished-at="2024-05-07T23:35:08 IST" duration-ms="183" status="PASS">
          <reporter-output>
          </reporter-output>
        </test-method> <!-- verifyLoginTest -->
        <test-method is-config="true" signature="teardown()[pri:0, instance:com.tests.LoginTest1@4d9e68d0]" started-at="2024-05-07T23:35:08 IST" name="teardown" finished-at="2024-05-07T23:35:08 IST" duration-ms="50" status="PASS">
          <reporter-output>
          </reporter-output>
        </test-method> <!-- teardown -->
        <test-method is-config="true" signature="setup()[pri:0, instance:com.tests.LoginTest1@4d9e68d0]" started-at="2024-05-07T23:35:08 IST" name="setup" finished-at="2024-05-07T23:35:13 IST" duration-ms="4831" status="PASS">
          <reporter-output>
          </reporter-output>
        </test-method> <!-- setup -->
        <test-method signature="verifyAlertMessageTest()[pri:1, instance:com.tests.LoginTest1@4d9e68d0]" started-at="2024-05-07T23:35:13 IST" name="verifyAlertMessageTest" finished-at="2024-05-07T23:35:13 IST" duration-ms="175" status="PASS">
          <reporter-output>
          </reporter-output>
        </test-method> <!-- verifyAlertMessageTest -->
        <test-method is-config="true" signature="teardown()[pri:0, instance:com.tests.LoginTest1@4d9e68d0]" started-at="2024-05-07T23:35:13 IST" name="teardown" finished-at="2024-05-07T23:35:13 IST" duration-ms="126" status="PASS">
          <reporter-output>
          </reporter-output>
        </test-method> <!-- teardown -->
      </class> <!-- com.tests.LoginTest1 -->
    </test> <!-- Test -->
  </suite> <!-- Suite -->
</testng-results>
